This file contains any messages produced by compilers while
running configure, to aid debugging if configure makes a mistake.

It was created by nodefinder configure 0.2.1, which was
generated by GNU Autoconf 2.61.  Invocation command line was

  $ ./configure 

## --------- ##
## Platform. ##
## --------- ##

hostname = Schroedinger.local
uname -m = x86_64
uname -r = 10.7.4
uname -s = Darwin
uname -v = Darwin Kernel Version 10.7.4: Mon Apr 18 21:24:17 PDT 2011; root:xnu-1504.14.12~3/RELEASE_X86_64

/usr/bin/uname -p = i386
/bin/uname -X     = unknown

/bin/arch              = unknown
/usr/bin/arch -k       = unknown
/usr/convex/getsysinfo = unknown
/usr/bin/hostinfo      = Mach kernel version:
	 Darwin Kernel Version 10.7.4: Mon Apr 18 21:24:17 PDT 2011; root:xnu-1504.14.12~3/RELEASE_X86_64
Kernel configured for up to 8 processors.
4 processors are physically available.
8 processors are logically available.
Processor type: i486 (Intel 80486)
Processors active: 0 1 2 3 4 5 6 7
Primary memory available: 8.00 gigabytes
Default processor set: 97 tasks, 474 threads, 8 processors
Load average: 0.14, Mach factor: 7.84
/bin/machine           = unknown
/usr/bin/oslevel       = unknown
/bin/universe          = unknown

PATH: /usr/local/bin/
PATH: /usr/local/sbin
PATH: /usr/bin
PATH: /bin
PATH: /usr/sbin
PATH: /sbin
PATH: /usr/local/bin
PATH: /usr/X11/bin
PATH: ~/.capsule/bin
PATH: /opt/local/lib/erlang/bin/


## ----------- ##
## Core tests. ##
## ----------- ##

configure:1839: checking for a BSD-compatible install
configure:1895: result: /usr/bin/install -c
configure:1906: checking whether build environment is sane
configure:1949: result: yes
configure:1977: checking for a thread-safe mkdir -p
configure:2016: result: ./install-sh -c -d
configure:2029: checking for gawk
configure:2059: result: no
configure:2029: checking for mawk
configure:2059: result: no
configure:2029: checking for nawk
configure:2059: result: no
configure:2029: checking for awk
configure:2045: found /usr/bin/awk
configure:2056: result: awk
configure:2067: checking whether make sets $(MAKE)
configure:2088: result: yes
configure:2271: checking how to create a ustar tar archive
configure:2284: tar --version
bsdtar 2.6.2 - libarchive 2.6.2
configure:2287: $? = 0
configure:2327: tardir=conftest.dir && eval tar --format=ustar -chf - "$tardir" >conftest.tar
configure:2330: $? = 0
configure:2334: tar -xf - <conftest.tar
configure:2337: $? = 0
configure:2350: result: gnutar
configure:2358: checking whether to enable maintainer-specific portions of Makefiles
configure:2367: result: no
configure:2385: checking for erlang module eunit
configure:2390: result: yes
configure:2430: enabling erlrc integration
configure:2473: checking for erlc
configure:2489: found /usr/local/bin//erlc
configure:2500: result: erlc
configure:2531: checking for revision control type
configure:2549: result: none (autodetected)
configure:2562: checking for native package type
configure:2580: result: none (autodetected)
configure:2637: checking for ldd
configure:2667: result: no
configure:2637: checking for otool
configure:2653: found /usr/bin/otool
configure:2664: result: otool
configure:2693: checking for dash
configure:2726: result: no
configure:2693: checking for ash
configure:2726: result: no
configure:2693: checking for sh
configure:2711: found /bin/sh
configure:2723: result: /bin/sh
configure:2899: creating ./config.status

## ---------------------- ##
## Running config.status. ##
## ---------------------- ##

This file was extended by nodefinder config.status 0.2.1, which was
generated by GNU Autoconf 2.61.  Invocation command line was

  CONFIG_FILES    = 
  CONFIG_HEADERS  = 
  CONFIG_LINKS    = 
  CONFIG_COMMANDS = 
  $ ./config.status 

on Schroedinger.local

config.status:627: creating doc/Makefile
config.status:627: creating src/Makefile
config.status:627: creating tests/Makefile
config.status:627: creating src/fw-erl-app-template.app
config.status:627: creating Makefile
config.status:627: creating fw-pkgin/Makefile

## ---------------- ##
## Cache variables. ##
## ---------------- ##

ac_cv_env_ERLAPPDIR_set=
ac_cv_env_ERLAPPDIR_value=
ac_cv_env_ERLC_set=
ac_cv_env_ERLC_value=
ac_cv_env_ERLDOCDIR_set=
ac_cv_env_ERLDOCDIR_value=
ac_cv_env_ERLRCDIR_set=
ac_cv_env_ERLRCDIR_value=
ac_cv_env_FW_NATIVE_PACKAGE_TYPE_set=
ac_cv_env_FW_NATIVE_PACKAGE_TYPE_value=
ac_cv_env_FW_REVISION_TYPE_set=
ac_cv_env_FW_REVISION_TYPE_value=
ac_cv_env_build_alias_set=
ac_cv_env_build_alias_value=
ac_cv_env_host_alias_set=
ac_cv_env_host_alias_value=
ac_cv_env_target_alias_set=
ac_cv_env_target_alias_value=
ac_cv_path_CHECK_SHELL=/bin/sh
ac_cv_path_install='/usr/bin/install -c'
ac_cv_prog_AWK=awk
ac_cv_prog_ERLC=erlc
ac_cv_prog_FW_LDD=otool
ac_cv_prog_make_make_set=yes
am_cv_prog_tar_ustar=gnutar

## ----------------- ##
## Output variables. ##
## ----------------- ##

ACLOCAL='${SHELL} /Users/heinz/Projects/dividedspace/epic/lib/nodefinder/missing --run aclocal-1.10'
AMTAR='${SHELL} /Users/heinz/Projects/dividedspace/epic/lib/nodefinder/missing --run tar'
AUTOCONF='${SHELL} /Users/heinz/Projects/dividedspace/epic/lib/nodefinder/missing --run autoconf'
AUTOHEADER='${SHELL} /Users/heinz/Projects/dividedspace/epic/lib/nodefinder/missing --run autoheader'
AUTOMAKE='${SHELL} /Users/heinz/Projects/dividedspace/epic/lib/nodefinder/missing --run automake-1.10'
AWK='awk'
CHECK_SHELL='/bin/sh'
CYGPATH_W='echo'
DEFS='-DPACKAGE_NAME=\"nodefinder\" -DPACKAGE_TARNAME=\"nodefinder\" -DPACKAGE_VERSION=\"0.2.1\" -DPACKAGE_STRING=\"nodefinder\ 0.2.1\" -DPACKAGE_BUGREPORT=\"Paul\ Mineiro\ \<paul@n54.com\>\" -DPACKAGE=\"nodefinder\" -DVERSION=\"0.2.1\"'
ECHO_C='ECHO_N=''
ECHO_T=''
ERLAPPDIR='$(libdir)/erlang/lib/$(FW_PACKAGE_NAME)-$(FW_PACKAGE_VERSION)'
ERLC='erlc'
ERLDOCDIR='$(datadir)/erlang/lib/$(FW_PACKAGE_NAME)-$(FW_PACKAGE_VERSION)/doc/html'
ERLRCDIR='/etc/erlrc.d'
FW_ACLOCAL_ARGS=' -I fw/m4 -I /usr//share/fw/m4'
FW_BUILD_AUTOMAKE_CREATE_PACKAGE_EXTRA_ARGS=' --erlrc 2'
FW_EDOC_OPTIONS=''
FW_ERLANG_WANT_ERLRC_FALSE='#'
FW_ERLANG_WANT_ERLRC_TRUE=''
FW_EUNIT_ERLCFLAGS='-DHAVE_EUNIT=1'
FW_HAVE_NATIVE_PACKAGE_TYPE_FALSE=''
FW_HAVE_NATIVE_PACKAGE_TYPE_TRUE='#'
FW_LDD='otool'
FW_LDD_ARGS='-L'
FW_NATIVE_PACKAGE_TYPE='none'
FW_PACKAGE_ARCHITECTURE_DEPENDENT='0'
FW_PACKAGE_BUILD_CONFLICTS=''
FW_PACKAGE_BUILD_DEPENDS='fw-template-erlang, automaken, autoconf [!darwin-i386], autoconf2.5 [darwin-i386], framewerk'
FW_PACKAGE_CONFLICTS=''
FW_PACKAGE_DEPENDS=''
FW_PACKAGE_DESCRIPTION='Erlang node LAN discovery service.  Uses multicast UDP.'
FW_PACKAGE_MAINTAINER='Paul Mineiro <paul@n54.com>'
FW_PACKAGE_MAJOR_VERSION='0'
FW_PACKAGE_MINOR_VERSION='2'
FW_PACKAGE_NAME='nodefinder'
FW_PACKAGE_PROVIDES='nodefinder-service'
FW_PACKAGE_SHORT_DESCRIPTION='Erlang multicast node discovery service.'
FW_PACKAGE_VERSION='0.2.1'
FW_REVISION_TYPE='none'
FW_TEMPLATE='erlang'
INSTALL_DATA='${INSTALL} -m 644'
INSTALL_PROGRAM='${INSTALL}'
INSTALL_SCRIPT='${INSTALL}'
INSTALL_STRIP_PROGRAM='$(install_sh) -c -s'
LIBOBJS=''
LIBS=''
LTLIBOBJS=''
MAINT='#'
MAINTAINER_MODE_FALSE=''
MAINTAINER_MODE_TRUE='#'
MAKEINFO='${SHELL} /Users/heinz/Projects/dividedspace/epic/lib/nodefinder/missing --run makeinfo'
PACKAGE='nodefinder'
PACKAGE_BUGREPORT='Paul Mineiro <paul@n54.com>'
PACKAGE_NAME='nodefinder'
PACKAGE_STRING='nodefinder 0.2.1'
PACKAGE_TARNAME='nodefinder'
PACKAGE_VERSION='0.2.1'
PATH_SEPARATOR=':'
SET_MAKE=''
SHELL='/bin/sh'
STRIP=''
VERSION='0.2.1'
am__isrc=''
am__leading_dot='.'
am__tar='tar --format=ustar -chf - "$$tardir"'
am__untar='tar -xf -'
bindir='${exec_prefix}/bin'
build_alias=''
datadir='${datarootdir}'
datarootdir='${prefix}/share'
docdir='${datarootdir}/doc/${PACKAGE_TARNAME}'
dvidir='${docdir}'
exec_prefix='${prefix}'
host_alias=''
htmldir='${docdir}'
includedir='${prefix}/include'
infodir='${datarootdir}/info'
install_sh='$(SHELL) /Users/heinz/Projects/dividedspace/epic/lib/nodefinder/install-sh'
libdir='${exec_prefix}/lib'
libexecdir='${exec_prefix}/libexec'
localedir='${datarootdir}/locale'
localstatedir='${prefix}/var'
mandir='${datarootdir}/man'
mkdir_p='$(top_builddir)/./install-sh -c -d'
oldincludedir='/usr/include'
pdfdir='${docdir}'
prefix='/usr'
program_transform_name='s,x,x,'
psdir='${docdir}'
sbindir='${exec_prefix}/sbin'
sharedstatedir='${prefix}/com'
sysconfdir='${prefix}/etc'
target_alias=''

## ----------- ##
## confdefs.h. ##
## ----------- ##

#define PACKAGE_NAME "nodefinder"
#define PACKAGE_TARNAME "nodefinder"
#define PACKAGE_VERSION "0.2.1"
#define PACKAGE_STRING "nodefinder 0.2.1"
#define PACKAGE_BUGREPORT "Paul Mineiro <paul@n54.com>"
#define PACKAGE "nodefinder"
#define VERSION "0.2.1"

configure: exit 0
